Vivado Simulator v2022.1
Copyright 1986-1999, 2001-2022 Xilinx, Inc. All Rights Reserved.
Running: C:/Xilinx/Vivado/2022.1/bin/unwrapped/win64.o/xelab.exe --incr --debug typical --relax --mt 2 -L xil_defaultlib -L secureip -L xpm --snapshot testbench_stimulus_file_behav xil_defaultlib.testbench_stimulus_file -log elaborate.log 
Using 2 slave threads.
Starting static elaboration
Completed static elaboration
Starting simulation data flow analysis
Completed simulation data flow analysis
Time Resolution for simulation is 1ps
Compiling package std.standard
Compiling package std.textio
Compiling package ieee.std_logic_1164
Compiling package ieee.std_logic_textio
Compiling package ieee.std_logic_arith
Compiling package ieee.std_logic_signed
Compiling package ieee.numeric_std
Compiling package ieee.std_logic_unsigned
Compiling package unisim.vcomponents
Compiling package ieee.vital_timing
Compiling package ieee.vital_primitives
Compiling package unisim.vpkg
Compiling architecture behavioral of entity xil_defaultlib.SE [se_default]
Compiling architecture behavioral of entity xil_defaultlib.filtru3 [filtru3_default]
Compiling architecture behavioral of entity xil_defaultlib.SAT4_8 [sat4_8_default]
Compiling architecture behavioral of entity xil_defaultlib.SST4_8 [sst4_8_default]
Compiling architecture behavioral of entity xil_defaultlib.filtru2 [filtru2_default]
Compiling architecture behavioral of entity xil_defaultlib.filtru1 [filtru1_default]
Compiling architecture gnd_v of entity unisim.GND [gnd_default]
Compiling architecture fdre_v of entity unisim.FDRE [fdre_default]
Compiling architecture structure of entity xil_defaultlib.fifo64x64_xpm_cdc_sync_rst [fifo64x64_xpm_cdc_sync_rst_defau...]
Compiling architecture lut1_v of entity unisim.LUT1 [\LUT1(init="0001")(0,3)\]
Compiling architecture lut4_v of entity unisim.LUT4 [\LUT4(init="0110101010000101")(0...]
Compiling architecture lut4_v of entity unisim.LUT4 [\LUT4(init="0011111111110000")(0...]
Compiling architecture lut4_v of entity unisim.LUT4 [\LUT4(init="1111001110000000")(0...]
Compiling architecture fdse_v of entity unisim.FDSE [fdse_default]
Compiling architecture lut4_v of entity unisim.LUT4 [\LUT4(init="0011010101110101")(0...]
Compiling architecture lut6_v of entity unisim.LUT6 [\LUT6(init="00000000000000000000...]
Compiling architecture lut6_v of entity unisim.LUT6 [\LUT6(init="00000000000000000000...]
Compiling architecture lut6_v of entity unisim.LUT6 [\LUT6(init="10101111111111111111...]
Compiling architecture lut2_v of entity unisim.LUT2 [\LUT2(init="1011")(0,3)\]
Compiling architecture lut4_v of entity unisim.LUT4 [\LUT4(init="1001011001101001")(0...]
Compiling architecture lut3_v of entity unisim.LUT3 [\LUT3(init="10010110")(0,7)\]
Compiling architecture structure of entity xil_defaultlib.fifo64x64_xpm_counter_updn [fifo64x64_xpm_counter_updn_defau...]
Compiling architecture rb36_internal_vhdl_v of entity unisim.RB36_INTERNAL_VHDL [\RB36_INTERNAL_VHDL(doa_reg=1,do...]
Compiling architecture ramb36e1_v of entity unisim.RAMB36E1 [\RAMB36E1(doa_reg=1,dob_reg=1,ra...]
Compiling architecture rb18_internal_vhdl_v of entity unisim.RB18_INTERNAL_VHDL [\RB18_INTERNAL_VHDL(bram_size=18...]
Compiling architecture ramb18e1_v of entity unisim.RAMB18E1 [\RAMB18E1(ram_mode="SDP",read_wi...]
Compiling architecture structure of entity xil_defaultlib.fifo64x64_xpm_memory_base [fifo64x64_xpm_memory_base_defaul...]
Compiling architecture lut3_v of entity unisim.LUT3 [\LUT3(init="01100010")(0,7)\]
Compiling architecture lut4_v of entity unisim.LUT4 [\LUT4(init="0001000011101111")(0...]
Compiling architecture lut5_v of entity unisim.LUT5 [\LUT5(init="00000010111111111111...]
Compiling architecture lut3_v of entity unisim.LUT3 [\LUT3(init="01111000")(0,7)\]
Compiling architecture lut4_v of entity unisim.LUT4 [\LUT4(init="0111111110000000")(0...]
Compiling architecture lut5_v of entity unisim.LUT5 [\LUT5(init="01111111111111111000...]
Compiling architecture lut6_v of entity unisim.LUT6 [\LUT6(init="01111111111111111111...]
Compiling architecture lut6_v of entity unisim.LUT6 [\LUT6(init="00000000000000001010...]
Compiling architecture lut6_v of entity unisim.LUT6 [\LUT6(init="00000000000000000000...]
Compiling architecture lut6_v of entity unisim.LUT6 [\LUT6(init="11111010101110101111...]
Compiling architecture lut6_v of entity unisim.LUT6 [\LUT6(init="10010000000000000000...]
Compiling architecture lut2_v of entity unisim.LUT2 [\LUT2(init="1000")(0,3)\]
Compiling architecture lut6_v of entity unisim.LUT6 [\LUT6(init="10010000000010010000...]
Compiling architecture lut4_v of entity unisim.LUT4 [\LUT4(init="0000000011111101")(0...]
Compiling architecture lut3_v of entity unisim.LUT3 [\LUT3(init="11010100")(0,7)\]
Compiling architecture lut4_v of entity unisim.LUT4 [\LUT4(init="1011010001001011")(0...]
Compiling architecture structure of entity xil_defaultlib.\fifo64x64_xpm_counter_updn__parameterized0\ [\fifo64x64_xpm_counter_updn__par...]
Compiling architecture structure of entity xil_defaultlib.\fifo64x64_xpm_counter_updn__parameterized1\ [\fifo64x64_xpm_counter_updn__par...]
Compiling architecture lut3_v of entity unisim.LUT3 [\LUT3(init="00000100")(0,7)\]
Compiling architecture structure of entity xil_defaultlib.fifo64x64_xpm_fifo_reg_bit [fifo64x64_xpm_fifo_reg_bit_defau...]
Compiling architecture lut2_v of entity unisim.LUT2 [\LUT2(init="0110")(0,3)\]
Compiling architecture lut6_v of entity unisim.LUT6 [\LUT6(init="00000000000000000000...]
Compiling architecture lut2_v of entity unisim.LUT2 [\LUT2(init="1001")(0,3)\]
Compiling architecture lut6_v of entity unisim.LUT6 [\LUT6(init="00000000111111111111...]
Compiling architecture lut2_v of entity unisim.LUT2 [\LUT2(init="0010")(0,3)\]
Compiling architecture lut5_v of entity unisim.LUT5 [\LUT5(init="01110001100011101000...]
Compiling architecture carry4_v of entity unisim.CARRY4 [carry4_default]
Compiling architecture structure of entity xil_defaultlib.\fifo64x64_xpm_counter_updn__parameterized0_0\ [\fifo64x64_xpm_counter_updn__par...]
Compiling architecture structure of entity xil_defaultlib.\fifo64x64_xpm_counter_updn__parameterized1_1\ [\fifo64x64_xpm_counter_updn__par...]
Compiling architecture lut2_v of entity unisim.LUT2 [\LUT2(init="1110")(0,3)\]
Compiling architecture fdse_v of entity unisim.FDSE [\FDSE(init='0')\]
Compiling architecture lut4_v of entity unisim.LUT4 [\LUT4(init="0000000000000010")(0...]
Compiling architecture lut3_v of entity unisim.LUT3 [\LUT3(init="10101011")(0,7)\]
Compiling architecture fdre_v of entity unisim.FDRE [\FDRE(init='1')\]
Compiling architecture structure of entity xil_defaultlib.fifo64x64_xpm_fifo_rst [fifo64x64_xpm_fifo_rst_default]
Compiling architecture structure of entity xil_defaultlib.fifo64x64_xpm_fifo_base [fifo64x64_xpm_fifo_base_default]
Compiling architecture structure of entity xil_defaultlib.fifo64x64_xpm_fifo_axis [fifo64x64_xpm_fifo_axis_default]
Compiling architecture structure of entity xil_defaultlib.fifo64x64_axis_data_fifo_v2_0_8_top [fifo64x64_axis_data_fifo_v2_0_8_...]
Compiling architecture structure of entity xil_defaultlib.fifo64x64 [fifo64x64_default]
Compiling architecture tb of entity xil_defaultlib.testbench_stimulus_file
Built simulation snapshot testbench_stimulus_file_behav
